<?xml version="1.0" encoding="UTF-8"?>
<!-- Generated by org.testng.reporters.JUnitReportReporter -->
<testsuite hostname="DESKTOP-RQA8NQN" failures="0" tests="2" name="tests.AddCustomerEndToEndTest" time="43.384" errors="0" timestamp="2022-04-14T20:06:53 EET" skipped="0">
  <testcase classname="tests.AddCustomerEndToEndTest" name="Login" time="33.898"/>
  <system-out/>
  <testcase classname="tests.AddCustomerEndToEndTest" name="customerData" time="9.486"/>
  <system-out/>
</testsuite> <!-- tests.AddCustomerEndToEndTest -->
